Using pre-set license
Built from '2020.2/staging' branch; Version is '2020.2.6f1 (8a2143876886) revision 9052483'; Using compiler version '192528614'; Build Type 'Release'
OS: 'Windows 10 Home; OS build 19042.1288; Version 2009; 64bit' Language: 'ru' Physical Memory: 16319 MB
BatchMode: 1, IsHumanControllingUs: 0, StartBugReporterOnCrash: 0, Is64bit: 1, IsPro: 0

 COMMAND LINE ARGUMENTS:
C:\Program Files\Unity\Hub\Editor\2020.2.6f1\Editor\Unity.exe
-adb2
-batchMode
-noUpm
-name
AssetImportWorker0
-projectPath
D:/HCGExample
-logFile
Logs/AssetImportWorker0.log
-srvPort
64256
Successfully changed project path to: D:/HCGExample
D:/HCGExample
Using Asset Import Pipeline V2.
Refreshing native plugins compatible for Editor in 21.35 ms, found 0 plugins.
Preloading 0 native plugins for Editor in 0.00 ms.
Initialize engine version: 2020.2.6f1 (8a2143876886)
[Subsystems] Discovering subsystems at path C:/Program Files/Unity/Hub/Editor/2020.2.6f1/Editor/Data/Resources/UnitySubsystems
[Subsystems] Discovering subsystems at path D:/HCGExample/Assets
GfxDevice: creating device client; threaded=0
Direct3D:
    Version:  Direct3D 11.0 [level 11.1]
    Renderer: NVIDIA GeForce GT 1030 (ID=0x1d01)
    Vendor:   
    VRAM:     1982 MB
    Driver:   27.21.14.5671
Initialize mono
Mono path[0] = 'C:/Program Files/Unity/Hub/Editor/2020.2.6f1/Editor/Data/Managed'
Mono path[1] = 'C:/Program Files/Unity/Hub/Editor/2020.2.6f1/Editor/Data/MonoBleedingEdge/lib/mono/unityjit'
Mono config path = 'C:/Program Files/Unity/Hub/Editor/2020.2.6f1/Editor/Data/MonoBleedingEdge/etc'
Using monoOptions --debugger-agent=transport=dt_socket,embedding=1,server=y,suspend=n,address=127.0.0.1:56636
Begin MonoManager ReloadAssembly
Registering precompiled unity dll's ...
Register platform support module: C:/Program Files/Unity/Hub/Editor/2020.2.6f1/Editor/Data/PlaybackEngines/WindowsStandaloneSupport/UnityEditor.WindowsStandalone.Extensions.dll
Registered in 0.002353 seconds.
Native extension for WindowsStandalone target not found
Refreshing native plugins compatible for Editor in 22.50 ms, found 0 plugins.
Preloading 0 native plugins for Editor in 0.00 ms.
Invoked RoslynAnalysisRunner static constructor.
RoslynAnalysisRunner will not be running.
RoslynAnalysisRunner has terminated.
Mono: successfully reloaded assembly
- Completed reload, in  2.266 seconds
Platform modules already initialized, skipping
Registering precompiled user dll's ...
Registered in 0.000491 seconds.
Begin MonoManager ReloadAssembly
Native extension for WindowsStandalone target not found
Refreshing native plugins compatible for Editor in 0.24 ms, found 0 plugins.
Preloading 0 native plugins for Editor in 0.00 ms.
Invoked RoslynAnalysisRunner static constructor.
RoslynAnalysisRunner will not be running.
RoslynAnalysisRunner has terminated.
Mono: successfully reloaded assembly
- Completed reload, in  0.934 seconds
Platform modules already initialized, skipping
========================================================================
Worker process is ready to serve import requests
Launched and connected shader compiler UnityShaderCompiler.exe after 0.04 seconds
Refreshing native plugins compatible for Editor in 0.29 ms, found 0 plugins.
Preloading 0 native plugins for Editor in 0.00 ms.
Unloading 1254 Unused Serialized files (Serialized files now loaded: 0)
System memory in use before: 61.7 MB.
System memory in use after: 61.7 MB.

Unloading 11 unused Assets to reduce memory usage. Loaded Objects now: 1696.
Total: 2.148600 ms (FindLiveObjects: 0.460900 ms CreateObjectMapping: 0.185800 ms MarkObjects: 1.413700 ms  DeleteObjects: 0.087300 ms)

========================================================================
Received Import Request.
  path: Assets/Scripts/UI/UIManager.cs
  artifactKey: Guid(291d67f38a3fd284884a8324c32e75e2) Importer(815301076,1909f56bfc062723c751e8b465ee728b)
Start importing Assets/Scripts/UI/UIManager.cs using Guid(291d67f38a3fd284884a8324c32e75e2) Importer(815301076,1909f56bfc062723c751e8b465ee728b)  -> (artifact id: 'ccbcbec57acadd5ddc119947ad23ffef') in 0.037993 seconds
  Import took 0.040511 seconds .

========================================================================
Received Prepare
Refreshing native plugins compatible for Editor in 0.54 ms, found 0 plugins.
Preloading 0 native plugins for Editor in 0.00 ms.
Unloading 3 Unused Serialized files (Serialized files now loaded: 0)
System memory in use before: 36.6 MB.
System memory in use after: 36.7 MB.

Unloading 3 unused Assets to reduce memory usage. Loaded Objects now: 1696.
Total: 4.066900 ms (FindLiveObjects: 0.337700 ms CreateObjectMapping: 0.109900 ms MarkObjects: 3.499400 ms  DeleteObjects: 0.117200 ms)

========================================================================
Received Import Request.
  Time since last request: 29.263370 seconds.
  path: Assets/Scripts/UI/UIManager.cs
  artifactKey: Guid(291d67f38a3fd284884a8324c32e75e2) Importer(815301076,1909f56bfc062723c751e8b465ee728b)
Start importing Assets/Scripts/UI/UIManager.cs using Guid(291d67f38a3fd284884a8324c32e75e2) Importer(815301076,1909f56bfc062723c751e8b465ee728b)  -> (artifact id: 'd67c346ae120114d6c66198237bc2337') in 0.006552 seconds
  Import took 0.011632 seconds .

========================================================================
Received Prepare
Registering precompiled user dll's ...
Registered in 0.000477 seconds.
Begin MonoManager ReloadAssembly
Native extension for WindowsStandalone target not found
Refreshing native plugins compatible for Editor in 0.20 ms, found 0 plugins.
Preloading 0 native plugins for Editor in 0.00 ms.
Invoked RoslynAnalysisRunner static constructor.
RoslynAnalysisRunner will not be running.
RoslynAnalysisRunner has terminated.
Mono: successfully reloaded assembly
- Completed reload, in  0.696 seconds
Platform modules already initialized, skipping
Refreshing native plugins compatible for Editor in 0.24 ms, found 0 plugins.
Preloading 0 native plugins for Editor in 0.00 ms.
Unloading 1249 Unused Serialized files (Serialized files now loaded: 0)
System memory in use before: 61.6 MB.
System memory in use after: 61.7 MB.

Unloading 6 unused Assets to reduce memory usage. Loaded Objects now: 1699.
Total: 3.687300 ms (FindLiveObjects: 0.275300 ms CreateObjectMapping: 0.092900 ms MarkObjects: 3.202800 ms  DeleteObjects: 0.114300 ms)

========================================================================
Received Import Request.
  Time since last request: 49.801675 seconds.
  path: Assets/Scripts/UI/UIManager.prefab
  artifactKey: Guid(c9b0bdf5ab887054dbe306ee4e476455) Importer(815301076,1909f56bfc062723c751e8b465ee728b)
Start importing Assets/Scripts/UI/UIManager.prefab using Guid(c9b0bdf5ab887054dbe306ee4e476455) Importer(815301076,1909f56bfc062723c751e8b465ee728b)  -> (artifact id: '08798d25d1720be3dc1347f710a3803f') in 0.025010 seconds
  Import took 0.026915 seconds .

========================================================================
Received Prepare
Registering precompiled user dll's ...
Registered in 0.000412 seconds.
Begin MonoManager ReloadAssembly
Native extension for WindowsStandalone target not found
Refreshing native plugins compatible for Editor in 0.30 ms, found 0 plugins.
Preloading 0 native plugins for Editor in 0.00 ms.
Invoked RoslynAnalysisRunner static constructor.
RoslynAnalysisRunner will not be running.
RoslynAnalysisRunner has terminated.
Mono: successfully reloaded assembly
- Completed reload, in  0.684 seconds
Platform modules already initialized, skipping
Refreshing native plugins compatible for Editor in 0.24 ms, found 0 plugins.
Preloading 0 native plugins for Editor in 0.00 ms.
Unloading 1248 Unused Serialized files (Serialized files now loaded: 0)
System memory in use before: 61.7 MB.
System memory in use after: 61.7 MB.

Unloading 6 unused Assets to reduce memory usage. Loaded Objects now: 1701.
Total: 1.406100 ms (FindLiveObjects: 0.122100 ms CreateObjectMapping: 0.034700 ms MarkObjects: 1.203500 ms  DeleteObjects: 0.045100 ms)

========================================================================
Received Prepare
Registering precompiled user dll's ...
Registered in 0.000505 seconds.
Begin MonoManager ReloadAssembly
Native extension for WindowsStandalone target not found
Refreshing native plugins compatible for Editor in 0.38 ms, found 0 plugins.
Preloading 0 native plugins for Editor in 0.00 ms.
Invoked RoslynAnalysisRunner static constructor.
RoslynAnalysisRunner will not be running.
RoslynAnalysisRunner has terminated.
Mono: successfully reloaded assembly
- Completed reload, in  0.675 seconds
Platform modules already initialized, skipping
Refreshing native plugins compatible for Editor in 0.20 ms, found 0 plugins.
Preloading 0 native plugins for Editor in 0.00 ms.
Unloading 1248 Unused Serialized files (Serialized files now loaded: 0)
System memory in use before: 61.7 MB.
System memory in use after: 61.7 MB.

Unloading 6 unused Assets to reduce memory usage. Loaded Objects now: 1703.
Total: 1.541400 ms (FindLiveObjects: 0.142800 ms CreateObjectMapping: 0.043400 ms MarkObjects: 1.310500 ms  DeleteObjects: 0.043400 ms)

========================================================================
Received Prepare
Registering precompiled user dll's ...
Registered in 0.000452 seconds.
Begin MonoManager ReloadAssembly
Native extension for WindowsStandalone target not found
Refreshing native plugins compatible for Editor in 0.20 ms, found 0 plugins.
Preloading 0 native plugins for Editor in 0.00 ms.
Invoked RoslynAnalysisRunner static constructor.
RoslynAnalysisRunner will not be running.
RoslynAnalysisRunner has terminated.
Mono: successfully reloaded assembly
- Completed reload, in  0.689 seconds
Platform modules already initialized, skipping
Refreshing native plugins compatible for Editor in 0.24 ms, found 0 plugins.
Preloading 0 native plugins for Editor in 0.00 ms.
Unloading 1248 Unused Serialized files (Serialized files now loaded: 0)
System memory in use before: 61.7 MB.
System memory in use after: 61.8 MB.

Unloading 6 unused Assets to reduce memory usage. Loaded Objects now: 1705.
Total: 4.959100 ms (FindLiveObjects: 0.429200 ms CreateObjectMapping: 0.161100 ms MarkObjects: 4.249500 ms  DeleteObjects: 0.115400 ms)

========================================================================
Received Prepare
Registering precompiled user dll's ...
Registered in 0.000669 seconds.
Begin MonoManager ReloadAssembly
Native extension for WindowsStandalone target not found
Refreshing native plugins compatible for Editor in 0.20 ms, found 0 plugins.
Preloading 0 native plugins for Editor in 0.00 ms.
Invoked RoslynAnalysisRunner static constructor.
RoslynAnalysisRunner will not be running.
RoslynAnalysisRunner has terminated.
Mono: successfully reloaded assembly
- Completed reload, in  0.689 seconds
Platform modules already initialized, skipping
Refreshing native plugins compatible for Editor in 0.23 ms, found 0 plugins.
Preloading 0 native plugins for Editor in 0.00 ms.
Unloading 1248 Unused Serialized files (Serialized files now loaded: 0)
System memory in use before: 61.7 MB.
System memory in use after: 61.8 MB.

Unloading 6 unused Assets to reduce memory usage. Loaded Objects now: 1707.
Total: 5.244700 ms (FindLiveObjects: 0.474200 ms CreateObjectMapping: 0.137800 ms MarkObjects: 4.488300 ms  DeleteObjects: 0.141200 ms)

========================================================================
Received Prepare
Registering precompiled user dll's ...
Registered in 0.000536 seconds.
Begin MonoManager ReloadAssembly
Native extension for WindowsStandalone target not found
Refreshing native plugins compatible for Editor in 0.20 ms, found 0 plugins.
Preloading 0 native plugins for Editor in 0.00 ms.
Invoked RoslynAnalysisRunner static constructor.
RoslynAnalysisRunner will not be running.
RoslynAnalysisRunner has terminated.
Mono: successfully reloaded assembly
- Completed reload, in  0.685 seconds
Platform modules already initialized, skipping
Refreshing native plugins compatible for Editor in 0.24 ms, found 0 plugins.
Preloading 0 native plugins for Editor in 0.00 ms.
Unloading 1248 Unused Serialized files (Serialized files now loaded: 0)
System memory in use before: 61.7 MB.
System memory in use after: 61.8 MB.

Unloading 6 unused Assets to reduce memory usage. Loaded Objects now: 1709.
Total: 1.662300 ms (FindLiveObjects: 0.195700 ms CreateObjectMapping: 0.039800 ms MarkObjects: 1.384100 ms  DeleteObjects: 0.041900 ms)

========================================================================
Received Import Request.
  Time since last request: 2345.795358 seconds.
  path: Assets/Sprites
  artifactKey: Guid(d44ccbd8e112a3f45aec14eb4967d395) Importer(815301076,1909f56bfc062723c751e8b465ee728b)
Start importing Assets/Sprites using Guid(d44ccbd8e112a3f45aec14eb4967d395) Importer(815301076,1909f56bfc062723c751e8b465ee728b)  -> (artifact id: 'd5485bb30b96143814e8533b0b7a676e') in 0.008430 seconds
  Import took 0.010669 seconds .

========================================================================
Received Import Request.
  Time since last request: 0.031988 seconds.
  path: Assets/Sprites/heart.png
  artifactKey: Guid(c7292acdf7e7edb418c0a6583f3b9583) Importer(815301076,1909f56bfc062723c751e8b465ee728b)
Start importing Assets/Sprites/heart.png using Guid(c7292acdf7e7edb418c0a6583f3b9583) Importer(815301076,1909f56bfc062723c751e8b465ee728b)  -> (artifact id: '5a9b923ecb230366db2a60138ce5ab64') in 0.043049 seconds
  Import took 0.045041 seconds .

========================================================================
Received Import Request.
  Time since last request: 11.355746 seconds.
  path: Assets/Sprites/heart.png
  artifactKey: Guid(c7292acdf7e7edb418c0a6583f3b9583) Importer(815301076,1909f56bfc062723c751e8b465ee728b)
Start importing Assets/Sprites/heart.png using Guid(c7292acdf7e7edb418c0a6583f3b9583) Importer(815301076,1909f56bfc062723c751e8b465ee728b)  -> (artifact id: 'b6d9737bb6f50e4fa3febef62316859f') in 0.047820 seconds
  Import took 0.049800 seconds .

========================================================================
Received Import Request.
  Time since last request: 58.280949 seconds.
  path: Assets/Sprites/heart.png
  artifactKey: Guid(c7292acdf7e7edb418c0a6583f3b9583) Importer(815301076,1909f56bfc062723c751e8b465ee728b)
Start importing Assets/Sprites/heart.png using Guid(c7292acdf7e7edb418c0a6583f3b9583) Importer(815301076,1909f56bfc062723c751e8b465ee728b)  -> (artifact id: 'e2cf073126e05bf8e2a63c3e698b70a9') in 0.015798 seconds
  Import took 0.018021 seconds .

========================================================================
Received Import Request.
  Time since last request: 15.119282 seconds.
  path: Assets/Sprites/heart.png
  artifactKey: Guid(c7292acdf7e7edb418c0a6583f3b9583) Importer(815301076,1909f56bfc062723c751e8b465ee728b)
Start importing Assets/Sprites/heart.png using Guid(c7292acdf7e7edb418c0a6583f3b9583) Importer(815301076,1909f56bfc062723c751e8b465ee728b)  -> (artifact id: '13ba41ef2ab5d26a30102e1bc7e379cf') in 0.020428 seconds
  Import took 0.022637 seconds .

========================================================================
Received Import Request.
  Time since last request: 334.127071 seconds.
  path: Assets/Prefab
  artifactKey: Guid(138cacfa94800ac4987608211e5db92d) Importer(815301076,1909f56bfc062723c751e8b465ee728b)
Start importing Assets/Prefab using Guid(138cacfa94800ac4987608211e5db92d) Importer(815301076,1909f56bfc062723c751e8b465ee728b)  -> (artifact id: '4df2179314c65bb46ce132131325e8f0') in 0.006336 seconds
  Import took 0.008768 seconds .

========================================================================
Received Import Request.
  Time since last request: 3.587469 seconds.
  path: Assets/Prefab/Heart.prefab
  artifactKey: Guid(3e350eeacf54f92478117560c20b4410) Importer(815301076,1909f56bfc062723c751e8b465ee728b)
Start importing Assets/Prefab/Heart.prefab using Guid(3e350eeacf54f92478117560c20b4410) Importer(815301076,1909f56bfc062723c751e8b465ee728b)  -> (artifact id: '71d740ded90953b952bba1a953a7e3dd') in 0.016103 seconds
  Import took 0.018750 seconds .

========================================================================
Received Import Request.
  Time since last request: 0.010424 seconds.
  path: Assets/Prefab/Heart.prefab
  artifactKey: Guid(3e350eeacf54f92478117560c20b4410) Importer(815301076,1909f56bfc062723c751e8b465ee728b)
Start importing Assets/Prefab/Heart.prefab using Guid(3e350eeacf54f92478117560c20b4410) Importer(815301076,1909f56bfc062723c751e8b465ee728b)  -> (artifact id: '71d740ded90953b952bba1a953a7e3dd') in 0.002937 seconds
  Import took 0.005137 seconds .

========================================================================
Received Prepare
Registering precompiled user dll's ...
Registered in 0.000451 seconds.
Begin MonoManager ReloadAssembly
Native extension for WindowsStandalone target not found
Refreshing native plugins compatible for Editor in 0.20 ms, found 0 plugins.
Preloading 0 native plugins for Editor in 0.00 ms.
Invoked RoslynAnalysisRunner static constructor.
RoslynAnalysisRunner will not be running.
RoslynAnalysisRunner has terminated.
Mono: successfully reloaded assembly
- Completed reload, in  0.683 seconds
Platform modules already initialized, skipping
Refreshing native plugins compatible for Editor in 0.24 ms, found 0 plugins.
Preloading 0 native plugins for Editor in 0.00 ms.
Unloading 1248 Unused Serialized files (Serialized files now loaded: 0)
System memory in use before: 64.8 MB.
System memory in use after: 64.9 MB.

Unloading 6 unused Assets to reduce memory usage. Loaded Objects now: 1721.
Total: 5.159900 ms (FindLiveObjects: 0.374000 ms CreateObjectMapping: 0.138300 ms MarkObjects: 4.498600 ms  DeleteObjects: 0.145900 ms)

========================================================================
Received Prepare
Registering precompiled user dll's ...
Registered in 0.000434 seconds.
Begin MonoManager ReloadAssembly
Native extension for WindowsStandalone target not found
Refreshing native plugins compatible for Editor in 0.20 ms, found 0 plugins.
Preloading 0 native plugins for Editor in 0.00 ms.
Invoked RoslynAnalysisRunner static constructor.
RoslynAnalysisRunner will not be running.
RoslynAnalysisRunner has terminated.
Mono: successfully reloaded assembly
- Completed reload, in  0.668 seconds
Platform modules already initialized, skipping
Refreshing native plugins compatible for Editor in 0.25 ms, found 0 plugins.
Preloading 0 native plugins for Editor in 0.00 ms.
Unloading 1248 Unused Serialized files (Serialized files now loaded: 0)
System memory in use before: 64.8 MB.
System memory in use after: 64.9 MB.

Unloading 6 unused Assets to reduce memory usage. Loaded Objects now: 1723.
Total: 1.561600 ms (FindLiveObjects: 0.148000 ms CreateObjectMapping: 0.039900 ms MarkObjects: 1.327600 ms  DeleteObjects: 0.044800 ms)

========================================================================
Received Prepare
Registering precompiled user dll's ...
Registered in 0.000438 seconds.
Begin MonoManager ReloadAssembly
Native extension for WindowsStandalone target not found
Refreshing native plugins compatible for Editor in 0.20 ms, found 0 plugins.
Preloading 0 native plugins for Editor in 0.00 ms.
Invoked RoslynAnalysisRunner static constructor.
RoslynAnalysisRunner will not be running.
RoslynAnalysisRunner has terminated.
Mono: successfully reloaded assembly
- Completed reload, in  0.669 seconds
Platform modules already initialized, skipping
Refreshing native plugins compatible for Editor in 0.26 ms, found 0 plugins.
Preloading 0 native plugins for Editor in 0.00 ms.
Unloading 1248 Unused Serialized files (Serialized files now loaded: 0)
System memory in use before: 64.8 MB.
System memory in use after: 64.9 MB.

Unloading 6 unused Assets to reduce memory usage. Loaded Objects now: 1725.
Total: 1.418800 ms (FindLiveObjects: 0.139400 ms CreateObjectMapping: 0.031100 ms MarkObjects: 1.169100 ms  DeleteObjects: 0.078300 ms)

========================================================================
Received Prepare
Registering precompiled user dll's ...
Registered in 0.000449 seconds.
Begin MonoManager ReloadAssembly
Native extension for WindowsStandalone target not found
Refreshing native plugins compatible for Editor in 0.20 ms, found 0 plugins.
Preloading 0 native plugins for Editor in 0.00 ms.
Invoked RoslynAnalysisRunner static constructor.
RoslynAnalysisRunner will not be running.
RoslynAnalysisRunner has terminated.
Mono: successfully reloaded assembly
- Completed reload, in  0.677 seconds
Platform modules already initialized, skipping
Refreshing native plugins compatible for Editor in 0.24 ms, found 0 plugins.
Preloading 0 native plugins for Editor in 0.00 ms.
Unloading 1248 Unused Serialized files (Serialized files now loaded: 0)
System memory in use before: 64.8 MB.
System memory in use after: 64.9 MB.

Unloading 6 unused Assets to reduce memory usage. Loaded Objects now: 1727.
Total: 1.527700 ms (FindLiveObjects: 0.150000 ms CreateObjectMapping: 0.039600 ms MarkObjects: 1.294300 ms  DeleteObjects: 0.042900 ms)

========================================================================
Received Prepare
Registering precompiled user dll's ...
Registered in 0.000522 seconds.
Begin MonoManager ReloadAssembly
Native extension for WindowsStandalone target not found
Refreshing native plugins compatible for Editor in 0.20 ms, found 0 plugins.
Preloading 0 native plugins for Editor in 0.00 ms.
Invoked RoslynAnalysisRunner static constructor.
RoslynAnalysisRunner will not be running.
RoslynAnalysisRunner has terminated.
Mono: successfully reloaded assembly
- Completed reload, in  0.684 seconds
Platform modules already initialized, skipping
Refreshing native plugins compatible for Editor in 0.25 ms, found 0 plugins.
Preloading 0 native plugins for Editor in 0.00 ms.
Unloading 1248 Unused Serialized files (Serialized files now loaded: 0)
System memory in use before: 64.8 MB.
System memory in use after: 64.9 MB.

Unloading 6 unused Assets to reduce memory usage. Loaded Objects now: 1729.
Total: 6.057600 ms (FindLiveObjects: 0.380600 ms CreateObjectMapping: 0.142200 ms MarkObjects: 5.384000 ms  DeleteObjects: 0.147300 ms)

========================================================================
Received Prepare
Registering precompiled user dll's ...
Registered in 0.000459 seconds.
Begin MonoManager ReloadAssembly
Native extension for WindowsStandalone target not found
Refreshing native plugins compatible for Editor in 0.21 ms, found 0 plugins.
Preloading 0 native plugins for Editor in 0.00 ms.
Invoked RoslynAnalysisRunner static constructor.
RoslynAnalysisRunner will not be running.
RoslynAnalysisRunner has terminated.
Mono: successfully reloaded assembly
- Completed reload, in  0.700 seconds
Platform modules already initialized, skipping
Refreshing native plugins compatible for Editor in 0.21 ms, found 0 plugins.
Preloading 0 native plugins for Editor in 0.00 ms.
Unloading 1248 Unused Serialized files (Serialized files now loaded: 0)
System memory in use before: 64.8 MB.
System memory in use after: 64.9 MB.

Unloading 6 unused Assets to reduce memory usage. Loaded Objects now: 1731.
Total: 3.059400 ms (FindLiveObjects: 0.239200 ms CreateObjectMapping: 0.078800 ms MarkObjects: 2.641000 ms  DeleteObjects: 0.098100 ms)

========================================================================
Received Prepare
Registering precompiled user dll's ...
Registered in 0.000533 seconds.
Begin MonoManager ReloadAssembly
Native extension for WindowsStandalone target not found
Refreshing native plugins compatible for Editor in 0.20 ms, found 0 plugins.
Preloading 0 native plugins for Editor in 0.00 ms.
Invoked RoslynAnalysisRunner static constructor.
RoslynAnalysisRunner will not be running.
RoslynAnalysisRunner has terminated.
Mono: successfully reloaded assembly
- Completed reload, in  0.693 seconds
Platform modules already initialized, skipping
Refreshing native plugins compatible for Editor in 0.22 ms, found 0 plugins.
Preloading 0 native plugins for Editor in 0.00 ms.
Unloading 1248 Unused Serialized files (Serialized files now loaded: 0)
System memory in use before: 64.8 MB.
System memory in use after: 64.9 MB.

Unloading 6 unused Assets to reduce memory usage. Loaded Objects now: 1733.
Total: 1.477700 ms (FindLiveObjects: 0.120800 ms CreateObjectMapping: 0.034700 ms MarkObjects: 1.277600 ms  DeleteObjects: 0.043800 ms)

========================================================================
Received Prepare
Registering precompiled user dll's ...
Registered in 0.000459 seconds.
Begin MonoManager ReloadAssembly
Native extension for WindowsStandalone target not found
Refreshing native plugins compatible for Editor in 0.20 ms, found 0 plugins.
Preloading 0 native plugins for Editor in 0.00 ms.
Invoked RoslynAnalysisRunner static constructor.
RoslynAnalysisRunner will not be running.
RoslynAnalysisRunner has terminated.
Mono: successfully reloaded assembly
- Completed reload, in  0.687 seconds
Platform modules already initialized, skipping
Refreshing native plugins compatible for Editor in 0.23 ms, found 0 plugins.
Preloading 0 native plugins for Editor in 0.00 ms.
Unloading 1248 Unused Serialized files (Serialized files now loaded: 0)
System memory in use before: 64.8 MB.
System memory in use after: 64.9 MB.

Unloading 6 unused Assets to reduce memory usage. Loaded Objects now: 1735.
Total: 1.689500 ms (FindLiveObjects: 0.201000 ms CreateObjectMapping: 0.045300 ms MarkObjects: 1.387400 ms  DeleteObjects: 0.053700 ms)

========================================================================
Received Prepare
Registering precompiled user dll's ...
Registered in 0.000471 seconds.
Begin MonoManager ReloadAssembly
Native extension for WindowsStandalone target not found
Refreshing native plugins compatible for Editor in 0.20 ms, found 0 plugins.
Preloading 0 native plugins for Editor in 0.00 ms.
Invoked RoslynAnalysisRunner static constructor.
RoslynAnalysisRunner will not be running.
RoslynAnalysisRunner has terminated.
Mono: successfully reloaded assembly
- Completed reload, in  0.689 seconds
Platform modules already initialized, skipping
Refreshing native plugins compatible for Editor in 0.23 ms, found 0 plugins.
Preloading 0 native plugins for Editor in 0.00 ms.
Unloading 1248 Unused Serialized files (Serialized files now loaded: 0)
System memory in use before: 64.8 MB.
System memory in use after: 64.9 MB.

Unloading 6 unused Assets to reduce memory usage. Loaded Objects now: 1737.
Total: 5.104400 ms (FindLiveObjects: 0.369300 ms CreateObjectMapping: 0.134500 ms MarkObjects: 4.453700 ms  DeleteObjects: 0.143800 ms)

========================================================================
Received Prepare
Registering precompiled user dll's ...
Registered in 0.000452 seconds.
Begin MonoManager ReloadAssembly
Native extension for WindowsStandalone target not found
Refreshing native plugins compatible for Editor in 0.22 ms, found 0 plugins.
Preloading 0 native plugins for Editor in 0.00 ms.
Invoked RoslynAnalysisRunner static constructor.
RoslynAnalysisRunner will not be running.
RoslynAnalysisRunner has terminated.
Mono: successfully reloaded assembly
- Completed reload, in  0.695 seconds
Platform modules already initialized, skipping
Refreshing native plugins compatible for Editor in 0.24 ms, found 0 plugins.
Preloading 0 native plugins for Editor in 0.00 ms.
Unloading 1248 Unused Serialized files (Serialized files now loaded: 0)
System memory in use before: 64.8 MB.
System memory in use after: 64.9 MB.

Unloading 6 unused Assets to reduce memory usage. Loaded Objects now: 1739.
Total: 5.093800 ms (FindLiveObjects: 0.376000 ms CreateObjectMapping: 0.138100 ms MarkObjects: 4.431700 ms  DeleteObjects: 0.144500 ms)

========================================================================
Received Prepare
Registering precompiled user dll's ...
Registered in 0.000449 seconds.
Begin MonoManager ReloadAssembly
Native extension for WindowsStandalone target not found
Refreshing native plugins compatible for Editor in 0.20 ms, found 0 plugins.
Preloading 0 native plugins for Editor in 0.00 ms.
Invoked RoslynAnalysisRunner static constructor.
RoslynAnalysisRunner will not be running.
RoslynAnalysisRunner has terminated.
Mono: successfully reloaded assembly
- Completed reload, in  0.673 seconds
Platform modules already initialized, skipping
Refreshing native plugins compatible for Editor in 0.25 ms, found 0 plugins.
Preloading 0 native plugins for Editor in 0.00 ms.
Unloading 1248 Unused Serialized files (Serialized files now loaded: 0)
System memory in use before: 64.8 MB.
System memory in use after: 64.9 MB.

Unloading 6 unused Assets to reduce memory usage. Loaded Objects now: 1741.
Total: 1.553500 ms (FindLiveObjects: 0.182200 ms CreateObjectMapping: 0.039400 ms MarkObjects: 1.288800 ms  DeleteObjects: 0.042100 ms)

========================================================================
Received Prepare
Registering precompiled user dll's ...
Registered in 0.000509 seconds.
Begin MonoManager ReloadAssembly
Native extension for WindowsStandalone target not found
Refreshing native plugins compatible for Editor in 0.21 ms, found 0 plugins.
Preloading 0 native plugins for Editor in 0.00 ms.
Invoked RoslynAnalysisRunner static constructor.
RoslynAnalysisRunner will not be running.
RoslynAnalysisRunner has terminated.
Mono: successfully reloaded assembly
- Completed reload, in  0.690 seconds
Platform modules already initialized, skipping
Refreshing native plugins compatible for Editor in 0.23 ms, found 0 plugins.
Preloading 0 native plugins for Editor in 0.00 ms.
Unloading 1248 Unused Serialized files (Serialized files now loaded: 0)
System memory in use before: 64.8 MB.
System memory in use after: 64.9 MB.

Unloading 6 unused Assets to reduce memory usage. Loaded Objects now: 1743.
Total: 4.710400 ms (FindLiveObjects: 0.369600 ms CreateObjectMapping: 0.135600 ms MarkObjects: 4.090900 ms  DeleteObjects: 0.111400 ms)

========================================================================
Received Prepare
Registering precompiled user dll's ...
Registered in 0.000516 seconds.
Begin MonoManager ReloadAssembly
Native extension for WindowsStandalone target not found
Refreshing native plugins compatible for Editor in 0.20 ms, found 0 plugins.
Preloading 0 native plugins for Editor in 0.00 ms.
Invoked RoslynAnalysisRunner static constructor.
RoslynAnalysisRunner will not be running.
RoslynAnalysisRunner has terminated.
Mono: successfully reloaded assembly
- Completed reload, in  0.685 seconds
Platform modules already initialized, skipping
Refreshing native plugins compatible for Editor in 0.25 ms, found 0 plugins.
Preloading 0 native plugins for Editor in 0.00 ms.
Unloading 1248 Unused Serialized files (Serialized files now loaded: 0)
System memory in use before: 64.8 MB.
System memory in use after: 64.9 MB.

Unloading 6 unused Assets to reduce memory usage. Loaded Objects now: 1745.
Total: 5.469100 ms (FindLiveObjects: 0.486300 ms CreateObjectMapping: 0.159300 ms MarkObjects: 4.686500 ms  DeleteObjects: 0.132600 ms)

========================================================================
Received Prepare
Registering precompiled user dll's ...
Registered in 0.000432 seconds.
Begin MonoManager ReloadAssembly
Native extension for WindowsStandalone target not found
Refreshing native plugins compatible for Editor in 0.22 ms, found 0 plugins.
Preloading 0 native plugins for Editor in 0.00 ms.
Invoked RoslynAnalysisRunner static constructor.
RoslynAnalysisRunner will not be running.
RoslynAnalysisRunner has terminated.
Mono: successfully reloaded assembly
- Completed reload, in  0.680 seconds
Platform modules already initialized, skipping
Refreshing native plugins compatible for Editor in 0.20 ms, found 0 plugins.
Preloading 0 native plugins for Editor in 0.00 ms.
Unloading 1248 Unused Serialized files (Serialized files now loaded: 0)
System memory in use before: 64.8 MB.
System memory in use after: 64.9 MB.

Unloading 6 unused Assets to reduce memory usage. Loaded Objects now: 1747.
Total: 1.721900 ms (FindLiveObjects: 0.201900 ms CreateObjectMapping: 0.076500 ms MarkObjects: 1.395900 ms  DeleteObjects: 0.046500 ms)

========================================================================
Received Prepare
Registering precompiled user dll's ...
Registered in 0.000430 seconds.
Begin MonoManager ReloadAssembly
Native extension for WindowsStandalone target not found
Refreshing native plugins compatible for Editor in 0.20 ms, found 0 plugins.
Preloading 0 native plugins for Editor in 0.00 ms.
Invoked RoslynAnalysisRunner static constructor.
RoslynAnalysisRunner will not be running.
RoslynAnalysisRunner has terminated.
Mono: successfully reloaded assembly
- Completed reload, in  0.667 seconds
Platform modules already initialized, skipping
Refreshing native plugins compatible for Editor in 0.25 ms, found 0 plugins.
Preloading 0 native plugins for Editor in 0.00 ms.
Unloading 1248 Unused Serialized files (Serialized files now loaded: 0)
System memory in use before: 64.9 MB.
System memory in use after: 64.9 MB.

Unloading 6 unused Assets to reduce memory usage. Loaded Objects now: 1749.
Total: 1.503900 ms (FindLiveObjects: 0.139000 ms CreateObjectMapping: 0.036100 ms MarkObjects: 1.287900 ms  DeleteObjects: 0.040300 ms)

========================================================================
Received Prepare
Registering precompiled user dll's ...
Registered in 0.000462 seconds.
Begin MonoManager ReloadAssembly
Native extension for WindowsStandalone target not found
Refreshing native plugins compatible for Editor in 0.20 ms, found 0 plugins.
Preloading 0 native plugins for Editor in 0.00 ms.
Invoked RoslynAnalysisRunner static constructor.
RoslynAnalysisRunner will not be running.
RoslynAnalysisRunner has terminated.
Mono: successfully reloaded assembly
- Completed reload, in  0.679 seconds
Platform modules already initialized, skipping
Refreshing native plugins compatible for Editor in 0.34 ms, found 0 plugins.
Preloading 0 native plugins for Editor in 0.00 ms.
Unloading 1248 Unused Serialized files (Serialized files now loaded: 0)
System memory in use before: 64.9 MB.
System memory in use after: 64.9 MB.

Unloading 6 unused Assets to reduce memory usage. Loaded Objects now: 1751.
Total: 7.403400 ms (FindLiveObjects: 0.423200 ms CreateObjectMapping: 0.154300 ms MarkObjects: 6.698600 ms  DeleteObjects: 0.124000 ms)

========================================================================
Received Prepare
Registering precompiled user dll's ...
Registered in 0.000441 seconds.
Begin MonoManager ReloadAssembly
Native extension for WindowsStandalone target not found
Refreshing native plugins compatible for Editor in 0.24 ms, found 0 plugins.
Preloading 0 native plugins for Editor in 0.00 ms.
Invoked RoslynAnalysisRunner static constructor.
RoslynAnalysisRunner will not be running.
RoslynAnalysisRunner has terminated.
Mono: successfully reloaded assembly
- Completed reload, in  0.689 seconds
Platform modules already initialized, skipping
Refreshing native plugins compatible for Editor in 0.28 ms, found 0 plugins.
Preloading 0 native plugins for Editor in 0.00 ms.
Unloading 1248 Unused Serialized files (Serialized files now loaded: 0)
System memory in use before: 64.9 MB.
System memory in use after: 64.9 MB.

Unloading 6 unused Assets to reduce memory usage. Loaded Objects now: 1753.
Total: 5.184500 ms (FindLiveObjects: 0.390500 ms CreateObjectMapping: 0.137800 ms MarkObjects: 4.508000 ms  DeleteObjects: 0.144500 ms)

========================================================================
Received Prepare
Registering precompiled user dll's ...
Registered in 0.000484 seconds.
Begin MonoManager ReloadAssembly
Native extension for WindowsStandalone target not found
Refreshing native plugins compatible for Editor in 0.21 ms, found 0 plugins.
Preloading 0 native plugins for Editor in 0.00 ms.
Invoked RoslynAnalysisRunner static constructor.
RoslynAnalysisRunner will not be running.
RoslynAnalysisRunner has terminated.
Mono: successfully reloaded assembly
- Completed reload, in  0.679 seconds
Platform modules already initialized, skipping
Refreshing native plugins compatible for Editor in 0.23 ms, found 0 plugins.
Preloading 0 native plugins for Editor in 0.00 ms.
Unloading 1248 Unused Serialized files (Serialized files now loaded: 0)
System memory in use before: 64.9 MB.
System memory in use after: 64.9 MB.

Unloading 6 unused Assets to reduce memory usage. Loaded Objects now: 1755.
Total: 1.621500 ms (FindLiveObjects: 0.187500 ms CreateObjectMapping: 0.044700 ms MarkObjects: 1.343900 ms  DeleteObjects: 0.044600 ms)

========================================================================
Received Prepare
Registering precompiled user dll's ...
Registered in 0.000418 seconds.
Begin MonoManager ReloadAssembly
Native extension for WindowsStandalone target not found
Refreshing native plugins compatible for Editor in 0.20 ms, found 0 plugins.
Preloading 0 native plugins for Editor in 0.00 ms.
Invoked RoslynAnalysisRunner static constructor.
RoslynAnalysisRunner will not be running.
RoslynAnalysisRunner has terminated.
Mono: successfully reloaded assembly
- Completed reload, in  0.679 seconds
Platform modules already initialized, skipping
Refreshing native plugins compatible for Editor in 0.23 ms, found 0 plugins.
Preloading 0 native plugins for Editor in 0.00 ms.
Unloading 1248 Unused Serialized files (Serialized files now loaded: 0)
System memory in use before: 64.9 MB.
System memory in use after: 64.9 MB.

Unloading 6 unused Assets to reduce memory usage. Loaded Objects now: 1757.
Total: 4.410500 ms (FindLiveObjects: 0.400300 ms CreateObjectMapping: 0.149000 ms MarkObjects: 3.746000 ms  DeleteObjects: 0.112100 ms)

========================================================================
Received Prepare
Registering precompiled user dll's ...
Registered in 0.000433 seconds.
Begin MonoManager ReloadAssembly
Native extension for WindowsStandalone target not found
Refreshing native plugins compatible for Editor in 0.20 ms, found 0 plugins.
Preloading 0 native plugins for Editor in 0.00 ms.
Invoked RoslynAnalysisRunner static constructor.
RoslynAnalysisRunner will not be running.
RoslynAnalysisRunner has terminated.
Mono: successfully reloaded assembly
- Completed reload, in  0.688 seconds
Platform modules already initialized, skipping
Refreshing native plugins compatible for Editor in 0.23 ms, found 0 plugins.
Preloading 0 native plugins for Editor in 0.00 ms.
Unloading 1248 Unused Serialized files (Serialized files now loaded: 0)
System memory in use before: 64.9 MB.
System memory in use after: 65.0 MB.

Unloading 6 unused Assets to reduce memory usage. Loaded Objects now: 1759.
Total: 1.527100 ms (FindLiveObjects: 0.145000 ms CreateObjectMapping: 0.039300 ms MarkObjects: 1.298100 ms  DeleteObjects: 0.043500 ms)

========================================================================
Received Prepare
Registering precompiled user dll's ...
Registered in 0.000457 seconds.
Begin MonoManager ReloadAssembly
Native extension for WindowsStandalone target not found
Refreshing native plugins compatible for Editor in 0.20 ms, found 0 plugins.
Preloading 0 native plugins for Editor in 0.00 ms.
Invoked RoslynAnalysisRunner static constructor.
RoslynAnalysisRunner will not be running.
RoslynAnalysisRunner has terminated.
Mono: successfully reloaded assembly
- Completed reload, in  0.672 seconds
Platform modules already initialized, skipping
Refreshing native plugins compatible for Editor in 0.25 ms, found 0 plugins.
Preloading 0 native plugins for Editor in 0.00 ms.
Unloading 1248 Unused Serialized files (Serialized files now loaded: 0)
System memory in use before: 64.9 MB.
System memory in use after: 65.0 MB.

Unloading 6 unused Assets to reduce memory usage. Loaded Objects now: 1761.
Total: 5.231800 ms (FindLiveObjects: 0.382000 ms CreateObjectMapping: 0.139400 ms MarkObjects: 4.558800 ms  DeleteObjects: 0.148100 ms)

========================================================================
Received Prepare
Registering precompiled user dll's ...
Registered in 0.000567 seconds.
Begin MonoManager ReloadAssembly
Native extension for WindowsStandalone target not found
Refreshing native plugins compatible for Editor in 0.20 ms, found 0 plugins.
Preloading 0 native plugins for Editor in 0.00 ms.
Invoked RoslynAnalysisRunner static constructor.
RoslynAnalysisRunner will not be running.
RoslynAnalysisRunner has terminated.
Mono: successfully reloaded assembly
- Completed reload, in  0.674 seconds
Platform modules already initialized, skipping
Refreshing native plugins compatible for Editor in 0.41 ms, found 0 plugins.
Preloading 0 native plugins for Editor in 0.00 ms.
Unloading 1248 Unused Serialized files (Serialized files now loaded: 0)
System memory in use before: 64.9 MB.
System memory in use after: 65.0 MB.

Unloading 6 unused Assets to reduce memory usage. Loaded Objects now: 1763.
Total: 1.671000 ms (FindLiveObjects: 0.168000 ms CreateObjectMapping: 0.038200 ms MarkObjects: 1.389400 ms  DeleteObjects: 0.074500 ms)

========================================================================
Received Import Request.
  Time since last request: 4141.023653 seconds.
  path: Assets/Models/Ch36_nonPBR@Jogging Stumble.fbx
  artifactKey: Guid(d606a5720aa2e254287df66ee7d1a562) Importer(815301076,1909f56bfc062723c751e8b465ee728b)
Start importing Assets/Models/Ch36_nonPBR@Jogging Stumble.fbx using Guid(d606a5720aa2e254287df66ee7d1a562) Importer(815301076,1909f56bfc062723c751e8b465ee728b)  -> (artifact id: '549caf53f0c50f34c1964ef68256645e') in 0.030908 seconds
  Import took 0.033400 seconds .

========================================================================
Received Import Request.
  Time since last request: 19.675042 seconds.
  path: Assets/Models/Ch36_nonPBR@Jogging Stumble.fbx
  artifactKey: Guid(d606a5720aa2e254287df66ee7d1a562) Importer(815301076,1909f56bfc062723c751e8b465ee728b)
Start importing Assets/Models/Ch36_nonPBR@Jogging Stumble.fbx using Guid(d606a5720aa2e254287df66ee7d1a562) Importer(815301076,1909f56bfc062723c751e8b465ee728b)  -> (artifact id: '77a33275358c7de1964d27fcd382691a') in 0.006618 seconds
  Import took 0.008943 seconds .

========================================================================
Received Import Request.
  Time since last request: 0.001496 seconds.
  path: Assets/Models/Ch36_nonPBR@Jogging Stumble.fbx
  artifactKey: Guid(d606a5720aa2e254287df66ee7d1a562) Importer(815301076,1909f56bfc062723c751e8b465ee728b)
Start importing Assets/Models/Ch36_nonPBR@Jogging Stumble.fbx using Guid(d606a5720aa2e254287df66ee7d1a562) Importer(815301076,1909f56bfc062723c751e8b465ee728b)  -> (artifact id: '77a33275358c7de1964d27fcd382691a') in 0.006090 seconds
  Import took 0.008619 seconds .

========================================================================
Received Prepare
Registering precompiled user dll's ...
Registered in 0.000653 seconds.
Begin MonoManager ReloadAssembly
Native extension for WindowsStandalone target not found
Refreshing native plugins compatible for Editor in 0.20 ms, found 0 plugins.
Preloading 0 native plugins for Editor in 0.00 ms.
Invoked RoslynAnalysisRunner static constructor.
RoslynAnalysisRunner will not be running.
RoslynAnalysisRunner has terminated.
Mono: successfully reloaded assembly
- Completed reload, in  0.695 seconds
Platform modules already initialized, skipping
Refreshing native plugins compatible for Editor in 0.25 ms, found 0 plugins.
Preloading 0 native plugins for Editor in 0.00 ms.
Unloading 1248 Unused Serialized files (Serialized files now loaded: 0)
System memory in use before: 64.9 MB.
System memory in use after: 65.0 MB.

Unloading 6 unused Assets to reduce memory usage. Loaded Objects now: 1765.
Total: 5.203500 ms (FindLiveObjects: 0.381100 ms CreateObjectMapping: 0.134600 ms MarkObjects: 4.534400 ms  DeleteObjects: 0.149200 ms)

========================================================================
Received Import Request.
  Time since last request: 13.804063 seconds.
  path: Assets/Models/Ch36_nonPBR@Jogging Stumble.fbx
  artifactKey: Guid(d606a5720aa2e254287df66ee7d1a562) Importer(815301076,1909f56bfc062723c751e8b465ee728b)
Start importing Assets/Models/Ch36_nonPBR@Jogging Stumble.fbx using Guid(d606a5720aa2e254287df66ee7d1a562) Importer(815301076,1909f56bfc062723c751e8b465ee728b)  -> (artifact id: '5814ae6287b321f2ef7a1600a1aae647') in 0.045735 seconds
  Import took 0.050350 seconds .

========================================================================
Received Prepare
Registering precompiled user dll's ...
Registered in 0.000461 seconds.
Begin MonoManager ReloadAssembly
Native extension for WindowsStandalone target not found
Refreshing native plugins compatible for Editor in 0.21 ms, found 0 plugins.
Preloading 0 native plugins for Editor in 0.00 ms.
Invoked RoslynAnalysisRunner static constructor.
RoslynAnalysisRunner will not be running.
RoslynAnalysisRunner has terminated.
Mono: successfully reloaded assembly
- Completed reload, in  0.792 seconds
Platform modules already initialized, skipping
Refreshing native plugins compatible for Editor in 0.31 ms, found 0 plugins.
Preloading 0 native plugins for Editor in 0.00 ms.
Unloading 1248 Unused Serialized files (Serialized files now loaded: 0)
System memory in use before: 64.9 MB.
System memory in use after: 65.0 MB.

Unloading 6 unused Assets to reduce memory usage. Loaded Objects now: 1767.
Total: 1.756600 ms (FindLiveObjects: 0.149500 ms CreateObjectMapping: 0.039800 ms MarkObjects: 1.520100 ms  DeleteObjects: 0.046300 ms)

========================================================================
Received Import Request.
  Time since last request: 20.785171 seconds.
  path: Assets/Models/Ch36_nonPBR@Jogging Stumble.fbx
  artifactKey: Guid(d606a5720aa2e254287df66ee7d1a562) Importer(815301076,1909f56bfc062723c751e8b465ee728b)
Start importing Assets/Models/Ch36_nonPBR@Jogging Stumble.fbx using Guid(d606a5720aa2e254287df66ee7d1a562) Importer(815301076,1909f56bfc062723c751e8b465ee728b)  -> (artifact id: '9d4bf21a3a64454ccff595d08f7ea7e6') in 0.025055 seconds
  Import took 0.027716 seconds .

========================================================================
Received Import Request.
  Time since last request: 3.042401 seconds.
  path: Assets/Models/Ch36_nonPBR@Jogging Stumble.fbx
  artifactKey: Guid(d606a5720aa2e254287df66ee7d1a562) Importer(815301076,1909f56bfc062723c751e8b465ee728b)
Start importing Assets/Models/Ch36_nonPBR@Jogging Stumble.fbx using Guid(d606a5720aa2e254287df66ee7d1a562) Importer(815301076,1909f56bfc062723c751e8b465ee728b)  -> (artifact id: 'ed4de85a94b4157ba6a91142775f78dc') in 0.005663 seconds
  Import took 0.008110 seconds .

========================================================================
Received Import Request.
  Time since last request: 0.011582 seconds.
  path: Assets/Models/Ch36_nonPBR@Jogging Stumble.fbx
  artifactKey: Guid(d606a5720aa2e254287df66ee7d1a562) Importer(815301076,1909f56bfc062723c751e8b465ee728b)
Start importing Assets/Models/Ch36_nonPBR@Jogging Stumble.fbx using Guid(d606a5720aa2e254287df66ee7d1a562) Importer(815301076,1909f56bfc062723c751e8b465ee728b)  -> (artifact id: 'ed4de85a94b4157ba6a91142775f78dc') in 0.005832 seconds
  Import took 0.008814 seconds .

========================================================================
Received Prepare
Registering precompiled user dll's ...
Registered in 0.000422 seconds.
Begin MonoManager ReloadAssembly
Native extension for WindowsStandalone target not found
Refreshing native plugins compatible for Editor in 0.20 ms, found 0 plugins.
Preloading 0 native plugins for Editor in 0.00 ms.
Invoked RoslynAnalysisRunner static constructor.
RoslynAnalysisRunner will not be running.
RoslynAnalysisRunner has terminated.
Mono: successfully reloaded assembly
- Completed reload, in  0.684 seconds
Platform modules already initialized, skipping
Refreshing native plugins compatible for Editor in 0.36 ms, found 0 plugins.
Preloading 0 native plugins for Editor in 0.00 ms.
Unloading 1248 Unused Serialized files (Serialized files now loaded: 0)
System memory in use before: 64.9 MB.
System memory in use after: 65.0 MB.

Unloading 6 unused Assets to reduce memory usage. Loaded Objects now: 1769.
Total: 1.800000 ms (FindLiveObjects: 0.134400 ms CreateObjectMapping: 0.035400 ms MarkObjects: 1.556900 ms  DeleteObjects: 0.072500 ms)

========================================================================
Received Prepare
Registering precompiled user dll's ...
Registered in 0.000482 seconds.
Begin MonoManager ReloadAssembly
Native extension for WindowsStandalone target not found
Refreshing native plugins compatible for Editor in 0.20 ms, found 0 plugins.
Preloading 0 native plugins for Editor in 0.00 ms.
Invoked RoslynAnalysisRunner static constructor.
RoslynAnalysisRunner will not be running.
RoslynAnalysisRunner has terminated.
Mono: successfully reloaded assembly
- Completed reload, in  0.678 seconds
Platform modules already initialized, skipping
Refreshing native plugins compatible for Editor in 0.23 ms, found 0 plugins.
Preloading 0 native plugins for Editor in 0.00 ms.
Unloading 1248 Unused Serialized files (Serialized files now loaded: 0)
System memory in use before: 64.9 MB.
System memory in use after: 65.0 MB.

Unloading 6 unused Assets to reduce memory usage. Loaded Objects now: 1771.
Total: 2.107200 ms (FindLiveObjects: 0.324300 ms CreateObjectMapping: 0.114500 ms MarkObjects: 1.615600 ms  DeleteObjects: 0.051400 ms)

========================================================================
Received Prepare
Registering precompiled user dll's ...
Registered in 0.000465 seconds.
Begin MonoManager ReloadAssembly
Native extension for WindowsStandalone target not found
Refreshing native plugins compatible for Editor in 0.20 ms, found 0 plugins.
Preloading 0 native plugins for Editor in 0.00 ms.
Invoked RoslynAnalysisRunner static constructor.
RoslynAnalysisRunner will not be running.
RoslynAnalysisRunner has terminated.
Mono: successfully reloaded assembly
- Completed reload, in  0.680 seconds
Platform modules already initialized, skipping
Refreshing native plugins compatible for Editor in 0.24 ms, found 0 plugins.
Preloading 0 native plugins for Editor in 0.00 ms.
Unloading 1248 Unused Serialized files (Serialized files now loaded: 0)
System memory in use before: 64.9 MB.
System memory in use after: 65.0 MB.

Unloading 6 unused Assets to reduce memory usage. Loaded Objects now: 1773.
Total: 1.665900 ms (FindLiveObjects: 0.174400 ms CreateObjectMapping: 0.042100 ms MarkObjects: 1.400600 ms  DeleteObjects: 0.047900 ms)

========================================================================
Received Prepare
Registering precompiled user dll's ...
Registered in 0.000562 seconds.
Begin MonoManager ReloadAssembly
Native extension for WindowsStandalone target not found
Refreshing native plugins compatible for Editor in 0.20 ms, found 0 plugins.
Preloading 0 native plugins for Editor in 0.00 ms.
Invoked RoslynAnalysisRunner static constructor.
RoslynAnalysisRunner will not be running.
RoslynAnalysisRunner has terminated.
Mono: successfully reloaded assembly
- Completed reload, in  0.684 seconds
Platform modules already initialized, skipping
Refreshing native plugins compatible for Editor in 0.22 ms, found 0 plugins.
Preloading 0 native plugins for Editor in 0.00 ms.
Unloading 1248 Unused Serialized files (Serialized files now loaded: 0)
System memory in use before: 64.9 MB.
System memory in use after: 65.0 MB.

Unloading 6 unused Assets to reduce memory usage. Loaded Objects now: 1775.
Total: 3.416600 ms (FindLiveObjects: 0.305500 ms CreateObjectMapping: 0.104800 ms MarkObjects: 2.921300 ms  DeleteObjects: 0.083000 ms)

========================================================================
Received Prepare
Registering precompiled user dll's ...
Registered in 0.000482 seconds.
Begin MonoManager ReloadAssembly
Native extension for WindowsStandalone target not found
Refreshing native plugins compatible for Editor in 0.20 ms, found 0 plugins.
Preloading 0 native plugins for Editor in 0.00 ms.
Invoked RoslynAnalysisRunner static constructor.
RoslynAnalysisRunner will not be running.
RoslynAnalysisRunner has terminated.
Mono: successfully reloaded assembly
- Completed reload, in  0.654 seconds
Platform modules already initialized, skipping
Refreshing native plugins compatible for Editor in 0.26 ms, found 0 plugins.
Preloading 0 native plugins for Editor in 0.00 ms.
Unloading 1248 Unused Serialized files (Serialized files now loaded: 0)
System memory in use before: 64.9 MB.
System memory in use after: 65.0 MB.

Unloading 6 unused Assets to reduce memory usage. Loaded Objects now: 1777.
Total: 5.123500 ms (FindLiveObjects: 0.429400 ms CreateObjectMapping: 0.138500 ms MarkObjects: 4.413000 ms  DeleteObjects: 0.139600 ms)

========================================================================
Received Import Request.
  Time since last request: 1247.667193 seconds.
  path: Assets/Models/Ch36_nonPBR@Tripping.fbx
  artifactKey: Guid(bc5d9a90d5442c34b87f643317368930) Importer(815301076,1909f56bfc062723c751e8b465ee728b)
Start importing Assets/Models/Ch36_nonPBR@Tripping.fbx using Guid(bc5d9a90d5442c34b87f643317368930) Importer(815301076,1909f56bfc062723c751e8b465ee728b)  -> (artifact id: '2c9f2704a515838504b7783f654c4bc0') in 0.029879 seconds
  Import took 0.032789 seconds .

========================================================================
Received Import Request.
  Time since last request: 4.847934 seconds.
  path: Assets/Models/Ch36_nonPBR@Tripping.fbx
  artifactKey: Guid(bc5d9a90d5442c34b87f643317368930) Importer(815301076,1909f56bfc062723c751e8b465ee728b)
Start importing Assets/Models/Ch36_nonPBR@Tripping.fbx using Guid(bc5d9a90d5442c34b87f643317368930) Importer(815301076,1909f56bfc062723c751e8b465ee728b)  -> (artifact id: '5d6b61a82042c5263410c639c05a039c') in 0.006890 seconds
  Import took 0.010191 seconds .

========================================================================
Received Import Request.
  Time since last request: 0.007823 seconds.
  path: Assets/Models/Ch36_nonPBR@Tripping.fbx
  artifactKey: Guid(bc5d9a90d5442c34b87f643317368930) Importer(815301076,1909f56bfc062723c751e8b465ee728b)
Start importing Assets/Models/Ch36_nonPBR@Tripping.fbx using Guid(bc5d9a90d5442c34b87f643317368930) Importer(815301076,1909f56bfc062723c751e8b465ee728b)  -> (artifact id: '5d6b61a82042c5263410c639c05a039c') in 0.004609 seconds
  Import took 0.007149 seconds .

========================================================================
Received Import Request.
  Time since last request: 16.838040 seconds.
  path: Assets/Animation/Player.controller
  artifactKey: Guid(184d2c85969778947bf5a3a934ad6e51) Importer(815301076,1909f56bfc062723c751e8b465ee728b)
Start importing Assets/Animation/Player.controller using Guid(184d2c85969778947bf5a3a934ad6e51) Importer(815301076,1909f56bfc062723c751e8b465ee728b)  -> (artifact id: '1995fe211ec3f32ca0da974c2d11cb24') in 0.010545 seconds
  Import took 0.012918 seconds .

========================================================================
Received Prepare
Registering precompiled user dll's ...
Registered in 0.000540 seconds.
Begin MonoManager ReloadAssembly
Native extension for WindowsStandalone target not found
Refreshing native plugins compatible for Editor in 0.20 ms, found 0 plugins.
Preloading 0 native plugins for Editor in 0.00 ms.
Invoked RoslynAnalysisRunner static constructor.
RoslynAnalysisRunner will not be running.
RoslynAnalysisRunner has terminated.
Mono: successfully reloaded assembly
- Completed reload, in  0.693 seconds
Platform modules already initialized, skipping
Refreshing native plugins compatible for Editor in 0.24 ms, found 0 plugins.
Preloading 0 native plugins for Editor in 0.00 ms.
Unloading 1248 Unused Serialized files (Serialized files now loaded: 0)
System memory in use before: 65.0 MB.
System memory in use after: 65.0 MB.

Unloading 6 unused Assets to reduce memory usage. Loaded Objects now: 1779.
Total: 1.974900 ms (FindLiveObjects: 0.176500 ms CreateObjectMapping: 0.047300 ms MarkObjects: 1.684000 ms  DeleteObjects: 0.065600 ms)

========================================================================
Received Prepare
Registering precompiled user dll's ...
Registered in 0.000546 seconds.
Begin MonoManager ReloadAssembly
Native extension for WindowsStandalone target not found
Refreshing native plugins compatible for Editor in 0.20 ms, found 0 plugins.
Preloading 0 native plugins for Editor in 0.00 ms.
Invoked RoslynAnalysisRunner static constructor.
RoslynAnalysisRunner will not be running.
RoslynAnalysisRunner has terminated.
Mono: successfully reloaded assembly
- Completed reload, in  0.672 seconds
Platform modules already initialized, skipping
Refreshing native plugins compatible for Editor in 0.24 ms, found 0 plugins.
Preloading 0 native plugins for Editor in 0.00 ms.
Unloading 1248 Unused Serialized files (Serialized files now loaded: 0)
System memory in use before: 65.0 MB.
System memory in use after: 65.0 MB.

Unloading 6 unused Assets to reduce memory usage. Loaded Objects now: 1781.
Total: 5.392900 ms (FindLiveObjects: 0.467000 ms CreateObjectMapping: 0.166500 ms MarkObjects: 4.610300 ms  DeleteObjects: 0.145700 ms)

========================================================================
Received Prepare
Registering precompiled user dll's ...
Registered in 0.000464 seconds.
Begin MonoManager ReloadAssembly
Native extension for WindowsStandalone target not found
Refreshing native plugins compatible for Editor in 0.21 ms, found 0 plugins.
Preloading 0 native plugins for Editor in 0.00 ms.
Invoked RoslynAnalysisRunner static constructor.
RoslynAnalysisRunner will not be running.
RoslynAnalysisRunner has terminated.
Mono: successfully reloaded assembly
- Completed reload, in  0.677 seconds
Platform modules already initialized, skipping
Refreshing native plugins compatible for Editor in 0.23 ms, found 0 plugins.
Preloading 0 native plugins for Editor in 0.00 ms.
Unloading 1248 Unused Serialized files (Serialized files now loaded: 0)
System memory in use before: 65.0 MB.
System memory in use after: 65.0 MB.

Unloading 6 unused Assets to reduce memory usage. Loaded Objects now: 1783.
Total: 2.017000 ms (FindLiveObjects: 0.410900 ms CreateObjectMapping: 0.051500 ms MarkObjects: 1.505700 ms  DeleteObjects: 0.047300 ms)

========================================================================
Received Prepare
Registering precompiled user dll's ...
Registered in 0.000720 seconds.
Begin MonoManager ReloadAssembly
Native extension for WindowsStandalone target not found
Refreshing native plugins compatible for Editor in 0.20 ms, found 0 plugins.
Preloading 0 native plugins for Editor in 0.00 ms.
Invoked RoslynAnalysisRunner static constructor.
RoslynAnalysisRunner will not be running.
RoslynAnalysisRunner has terminated.
Mono: successfully reloaded assembly
- Completed reload, in  0.703 seconds
Platform modules already initialized, skipping
Refreshing native plugins compatible for Editor in 0.34 ms, found 0 plugins.
Preloading 0 native plugins for Editor in 0.00 ms.
Unloading 1248 Unused Serialized files (Serialized files now loaded: 0)
System memory in use before: 65.0 MB.
System memory in use after: 65.1 MB.

Unloading 6 unused Assets to reduce memory usage. Loaded Objects now: 1785.
Total: 3.877700 ms (FindLiveObjects: 0.318900 ms CreateObjectMapping: 0.110900 ms MarkObjects: 3.335400 ms  DeleteObjects: 0.110100 ms)

========================================================================
Received Import Request.
  Time since last request: 693.084578 seconds.
  path: Assets/Models/Ch36_nonPBR@Tripping.fbx
  artifactKey: Guid(bc5d9a90d5442c34b87f643317368930) Importer(815301076,1909f56bfc062723c751e8b465ee728b)
Start importing Assets/Models/Ch36_nonPBR@Tripping.fbx using Guid(bc5d9a90d5442c34b87f643317368930) Importer(815301076,1909f56bfc062723c751e8b465ee728b)  -> (artifact id: 'aa9db427d560856590051279cb8cac87') in 0.032394 seconds
  Import took 0.036052 seconds .

========================================================================
Received Prepare
Registering precompiled user dll's ...
Registered in 0.000504 seconds.
Begin MonoManager ReloadAssembly
Native extension for WindowsStandalone target not found
Refreshing native plugins compatible for Editor in 0.21 ms, found 0 plugins.
Preloading 0 native plugins for Editor in 0.00 ms.
Invoked RoslynAnalysisRunner static constructor.
RoslynAnalysisRunner will not be running.
RoslynAnalysisRunner has terminated.
Mono: successfully reloaded assembly
- Completed reload, in  0.689 seconds
Platform modules already initialized, skipping
Refreshing native plugins compatible for Editor in 0.21 ms, found 0 plugins.
Preloading 0 native plugins for Editor in 0.00 ms.
Unloading 1248 Unused Serialized files (Serialized files now loaded: 0)
System memory in use before: 65.0 MB.
System memory in use after: 65.1 MB.

Unloading 6 unused Assets to reduce memory usage. Loaded Objects now: 1787.
Total: 5.162800 ms (FindLiveObjects: 0.641800 ms CreateObjectMapping: 0.156800 ms MarkObjects: 4.316700 ms  DeleteObjects: 0.045300 ms)

========================================================================
Received Import Request.
  Time since last request: 26.366615 seconds.
  path: Assets/Models/Ch36_nonPBR@Tripping.fbx
  artifactKey: Guid(bc5d9a90d5442c34b87f643317368930) Importer(815301076,1909f56bfc062723c751e8b465ee728b)
Start importing Assets/Models/Ch36_nonPBR@Tripping.fbx using Guid(bc5d9a90d5442c34b87f643317368930) Importer(815301076,1909f56bfc062723c751e8b465ee728b)  -> (artifact id: 'c0258be8ec5a8cd909b17c71ecdc3d32') in 0.022763 seconds
  Import took 0.024945 seconds .

========================================================================
Received Prepare
Registering precompiled user dll's ...
Registered in 0.000533 seconds.
Begin MonoManager ReloadAssembly
Native extension for WindowsStandalone target not found
Refreshing native plugins compatible for Editor in 0.20 ms, found 0 plugins.
Preloading 0 native plugins for Editor in 0.00 ms.
Invoked RoslynAnalysisRunner static constructor.
RoslynAnalysisRunner will not be running.
RoslynAnalysisRunner has terminated.
Mono: successfully reloaded assembly
- Completed reload, in  0.688 seconds
Platform modules already initialized, skipping
Refreshing native plugins compatible for Editor in 0.35 ms, found 0 plugins.
Preloading 0 native plugins for Editor in 0.00 ms.
Unloading 1248 Unused Serialized files (Serialized files now loaded: 0)
System memory in use before: 65.0 MB.
System memory in use after: 65.1 MB.

Unloading 6 unused Assets to reduce memory usage. Loaded Objects now: 1789.
Total: 1.504300 ms (FindLiveObjects: 0.135900 ms CreateObjectMapping: 0.035300 ms MarkObjects: 1.290500 ms  DeleteObjects: 0.041500 ms)

========================================================================
Received Prepare
Registering precompiled user dll's ...
Registered in 0.000500 seconds.
Begin MonoManager ReloadAssembly
Native extension for WindowsStandalone target not found
Refreshing native plugins compatible for Editor in 0.21 ms, found 0 plugins.
Preloading 0 native plugins for Editor in 0.00 ms.
Invoked RoslynAnalysisRunner static constructor.
RoslynAnalysisRunner will not be running.
RoslynAnalysisRunner has terminated.
Mono: successfully reloaded assembly
- Completed reload, in  0.802 seconds
Platform modules already initialized, skipping
Refreshing native plugins compatible for Editor in 0.23 ms, found 0 plugins.
Preloading 0 native plugins for Editor in 0.00 ms.
Unloading 1248 Unused Serialized files (Serialized files now loaded: 0)
System memory in use before: 65.0 MB.
System memory in use after: 65.1 MB.

Unloading 6 unused Assets to reduce memory usage. Loaded Objects now: 1791.
Total: 2.067300 ms (FindLiveObjects: 0.386900 ms CreateObjectMapping: 0.100300 ms MarkObjects: 1.524600 ms  DeleteObjects: 0.053200 ms)

========================================================================
Received Import Request.
  Time since last request: 25.409370 seconds.
  path: Assets/Models/Ch36_nonPBR@Tripping.fbx
  artifactKey: Guid(bc5d9a90d5442c34b87f643317368930) Importer(815301076,1909f56bfc062723c751e8b465ee728b)
Start importing Assets/Models/Ch36_nonPBR@Tripping.fbx using Guid(bc5d9a90d5442c34b87f643317368930) Importer(815301076,1909f56bfc062723c751e8b465ee728b)  -> (artifact id: '61cd446e08e075f4fd24aa2348dd3084') in 0.026152 seconds
  Import took 0.028668 seconds .

========================================================================
Received Prepare
Registering precompiled user dll's ...
Registered in 0.000493 seconds.
Begin MonoManager ReloadAssembly
Native extension for WindowsStandalone target not found
Refreshing native plugins compatible for Editor in 0.20 ms, found 0 plugins.
Preloading 0 native plugins for Editor in 0.00 ms.
Invoked RoslynAnalysisRunner static constructor.
RoslynAnalysisRunner will not be running.
RoslynAnalysisRunner has terminated.
Mono: successfully reloaded assembly
- Completed reload, in  0.673 seconds
Platform modules already initialized, skipping
Refreshing native plugins compatible for Editor in 0.21 ms, found 0 plugins.
Preloading 0 native plugins for Editor in 0.00 ms.
Unloading 1248 Unused Serialized files (Serialized files now loaded: 0)
System memory in use before: 65.0 MB.
System memory in use after: 65.1 MB.

Unloading 6 unused Assets to reduce memory usage. Loaded Objects now: 1793.
Total: 5.263500 ms (FindLiveObjects: 0.405300 ms CreateObjectMapping: 0.143100 ms MarkObjects: 4.596700 ms  DeleteObjects: 0.114400 ms)

========================================================================
Received Prepare
Registering precompiled user dll's ...
Registered in 0.000430 seconds.
Begin MonoManager ReloadAssembly
Native extension for WindowsStandalone target not found
Refreshing native plugins compatible for Editor in 0.33 ms, found 0 plugins.
Preloading 0 native plugins for Editor in 0.00 ms.
Invoked RoslynAnalysisRunner static constructor.
RoslynAnalysisRunner will not be running.
RoslynAnalysisRunner has terminated.
Mono: successfully reloaded assembly
- Completed reload, in  0.699 seconds
Platform modules already initialized, skipping
Refreshing native plugins compatible for Editor in 0.23 ms, found 0 plugins.
Preloading 0 native plugins for Editor in 0.00 ms.
Unloading 1248 Unused Serialized files (Serialized files now loaded: 0)
System memory in use before: 65.0 MB.
System memory in use after: 65.1 MB.

Unloading 6 unused Assets to reduce memory usage. Loaded Objects now: 1795.
Total: 1.681700 ms (FindLiveObjects: 0.201500 ms CreateObjectMapping: 0.045900 ms MarkObjects: 1.388200 ms  DeleteObjects: 0.045500 ms)

========================================================================
Received Prepare
Registering precompiled user dll's ...
Registered in 0.000532 seconds.
Begin MonoManager ReloadAssembly
Native extension for WindowsStandalone target not found
Refreshing native plugins compatible for Editor in 0.20 ms, found 0 plugins.
Preloading 0 native plugins for Editor in 0.00 ms.
Invoked RoslynAnalysisRunner static constructor.
RoslynAnalysisRunner will not be running.
RoslynAnalysisRunner has terminated.
Mono: successfully reloaded assembly
- Completed reload, in  0.730 seconds
Platform modules already initialized, skipping
Refreshing native plugins compatible for Editor in 0.29 ms, found 0 plugins.
Preloading 0 native plugins for Editor in 0.00 ms.
Unloading 1248 Unused Serialized files (Serialized files now loaded: 0)
System memory in use before: 65.0 MB.
System memory in use after: 65.1 MB.

Unloading 6 unused Assets to reduce memory usage. Loaded Objects now: 1797.
Total: 4.179300 ms (FindLiveObjects: 0.350300 ms CreateObjectMapping: 0.122800 ms MarkObjects: 3.645800 ms  DeleteObjects: 0.057800 ms)

========================================================================
Received Prepare
Registering precompiled user dll's ...
Registered in 0.000534 seconds.
Begin MonoManager ReloadAssembly
Native extension for WindowsStandalone target not found
Refreshing native plugins compatible for Editor in 0.21 ms, found 0 plugins.
Preloading 0 native plugins for Editor in 0.00 ms.
Invoked RoslynAnalysisRunner static constructor.
RoslynAnalysisRunner will not be running.
RoslynAnalysisRunner has terminated.
Mono: successfully reloaded assembly
- Completed reload, in  0.692 seconds
Platform modules already initialized, skipping
Refreshing native plugins compatible for Editor in 0.42 ms, found 0 plugins.
Preloading 0 native plugins for Editor in 0.00 ms.
Unloading 1248 Unused Serialized files (Serialized files now loaded: 0)
System memory in use before: 65.0 MB.
System memory in use after: 65.1 MB.

Unloading 6 unused Assets to reduce memory usage. Loaded Objects now: 1799.
Total: 1.879800 ms (FindLiveObjects: 0.172500 ms CreateObjectMapping: 0.043600 ms MarkObjects: 1.597200 ms  DeleteObjects: 0.064700 ms)

========================================================================
Received Prepare
Registering precompiled user dll's ...
Registered in 0.000456 seconds.
Begin MonoManager ReloadAssembly
Native extension for WindowsStandalone target not found
Refreshing native plugins compatible for Editor in 0.20 ms, found 0 plugins.
Preloading 0 native plugins for Editor in 0.00 ms.
Invoked RoslynAnalysisRunner static constructor.
RoslynAnalysisRunner will not be running.
RoslynAnalysisRunner has terminated.
Mono: successfully reloaded assembly
- Completed reload, in  0.682 seconds
Platform modules already initialized, skipping
Refreshing native plugins compatible for Editor in 0.24 ms, found 0 plugins.
Preloading 0 native plugins for Editor in 0.00 ms.
Unloading 1248 Unused Serialized files (Serialized files now loaded: 0)
System memory in use before: 65.0 MB.
System memory in use after: 65.1 MB.

Unloading 6 unused Assets to reduce memory usage. Loaded Objects now: 1801.
Total: 5.201200 ms (FindLiveObjects: 0.396800 ms CreateObjectMapping: 0.146500 ms MarkObjects: 4.509000 ms  DeleteObjects: 0.145800 ms)

========================================================================
Received Prepare
Registering precompiled user dll's ...
Registered in 0.000528 seconds.
Begin MonoManager ReloadAssembly
Native extension for WindowsStandalone target not found
Refreshing native plugins compatible for Editor in 0.20 ms, found 0 plugins.
Preloading 0 native plugins for Editor in 0.00 ms.
Invoked RoslynAnalysisRunner static constructor.
RoslynAnalysisRunner will not be running.
RoslynAnalysisRunner has terminated.
Mono: successfully reloaded assembly
- Completed reload, in  0.693 seconds
Platform modules already initialized, skipping
Refreshing native plugins compatible for Editor in 0.23 ms, found 0 plugins.
Preloading 0 native plugins for Editor in 0.00 ms.
Unloading 1248 Unused Serialized files (Serialized files now loaded: 0)
System memory in use before: 65.0 MB.
System memory in use after: 65.1 MB.

Unloading 6 unused Assets to reduce memory usage. Loaded Objects now: 1803.
Total: 1.541900 ms (FindLiveObjects: 0.133600 ms CreateObjectMapping: 0.034500 ms MarkObjects: 1.327900 ms  DeleteObjects: 0.044800 ms)

========================================================================
Received Import Request.
  Time since last request: 642.271751 seconds.
  path: Assets/Models/Ch36_nonPBR@Tripping.fbx
  artifactKey: Guid(bc5d9a90d5442c34b87f643317368930) Importer(815301076,1909f56bfc062723c751e8b465ee728b)
Start importing Assets/Models/Ch36_nonPBR@Tripping.fbx using Guid(bc5d9a90d5442c34b87f643317368930) Importer(815301076,1909f56bfc062723c751e8b465ee728b)  -> (artifact id: '8a694f88f8813a74446cde7dfb3a97c5') in 0.022281 seconds
  Import took 0.024415 seconds .

